<?xml version="1.0" encoding="UTF-8"?>
<testng-results ignored="0" total="1" passed="1" failed="0" skipped="0">
  <reporter-output>
  </reporter-output>
  <suite started-at="2023-08-25T10:29:02 IST" name="Default suite" finished-at="2023-08-25T10:29:28 IST" duration-ms="26511">
    <groups>
    </groups>
    <test started-at="2023-08-25T10:29:02 IST" name="Default test" finished-at="2023-08-25T10:29:28 IST" duration-ms="26511">
      <class name="msedge.Msedge">
        <test-method signature="Frist_Page()[pri:0, instance:msedge.Msedge@62379589]" started-at="2023-08-25T10:29:02 IST" name="Frist_Page" finished-at="2023-08-25T10:29:28 IST" duration-ms="26358" status="PASS">
          <reporter-output>
          </reporter-output>
        </test-method> <!-- Frist_Page -->
      </class> <!-- msedge.Msedge -->
    </test> <!-- Default test -->
  </suite> <!-- Default suite -->
</testng-results>
